BEGIN;
BEGIN
EXPLAIN
select
	sum(l_extendedprice* (1 - l_discount)) as revenue
from
	lineitem,
	part
where
	(
		p_partkey = l_partkey
		and p_brand = 'Brand#35'
		and p_container in ('SM CASE', 'SM BOX', 'SM PACK', 'SM PKG')
		and l_quantity >= 5 and l_quantity <= 5+10
		and p_size between 1 and 5
		and l_shipmode in ('AIR', 'AIR REG')
		and l_shipinstruct = 'DELIVER IN PERSON'
	)
	or
	(
		p_partkey = l_partkey
		and p_brand = 'Brand#55'
		and p_container in ('MED BAG', 'MED BOX', 'MED PKG', 'MED PACK')
		and l_quantity >= 16 and l_quantity <= 16+10
		and p_size between 1 and 10
		and l_shipmode in ('AIR', 'AIR REG')
		and l_shipinstruct = 'DELIVER IN PERSON'
	)
	or
	(
		p_partkey = l_partkey
		and p_brand = 'Brand#41'
		and p_container in ('LG CASE', 'LG BOX', 'LG PACK', 'LG PKG')
		and l_quantity >= 28 and l_quantity <= 28+10
		and p_size between 1 and 15
		and l_shipmode in ('AIR', 'AIR REG')
		and l_shipinstruct = 'DELIVER IN PERSON'
	);
                                                                                                                                                                                                                                                                                                                                                                                                                                                                                                                       QUERY PLAN                                                                                                                                                                                                                                                                                                                                                                                                                                                                                                                        
---------------------------------------------------------------------------------------------------------------------------------------------------------------------------------------------------------------------------------------------------------------------------------------------------------------------------------------------------------------------------------------------------------------------------------------------------------------------------------------------------------------------------------------------------------------------------------------------------------------------------------------------------------------------------------------------------------------------------------------------------------------------------------------------------------------------------------------------------------------------------------------------------------------------------------------------------------------------------------------------------------------------------------------------------------
 Aggregate  (cost=162807.30..162807.31 rows=1 width=8)
   ->  Nested Loop  (cost=25904.98..162798.91 rows=1118 width=8)
         ->  Bitmap Heap Scan on part  (cost=25904.41..39638.69 rows=4775 width=30)
               Recheck Cond: (((p_container = ANY ('{"SM CASE","SM BOX","SM PACK","SM PKG"}'::bpchar[])) AND (p_brand = 'Brand#35'::bpchar) AND (p_size <= 5) AND (p_size >= 1)) OR ((p_container = ANY ('{"MED BAG","MED BOX","MED PKG","MED PACK"}'::bpchar[])) AND (p_brand = 'Brand#55'::bpchar) AND (p_size <= 10) AND (p_size >= 1)) OR ((p_container = ANY ('{"LG CASE","LG BOX","LG PACK","LG PKG"}'::bpchar[])) AND (p_brand = 'Brand#41'::bpchar) AND (p_size <= 15) AND (p_size >= 1)))
               ->  BitmapOr  (cost=25904.41..25904.41 rows=4778 width=0)
                     ->  BitmapAnd  (cost=4480.61..4480.61 rows=802 width=0)
                           ->  Bitmap Index Scan on part_p_container_p_brand_p_partkey_idx  (cost=0.00..290.07 rows=8035 width=0)
                                 Index Cond: ((p_container = ANY ('{"SM CASE","SM BOX","SM PACK","SM PKG"}'::bpchar[])) AND (p_brand = 'Brand#35'::bpchar))
                           ->  Bitmap Index Scan on part_p_size_idx  (cost=0.00..4187.90 rows=199547 width=0)
                                 Index Cond: ((p_size <= 5) AND (p_size >= 1))
                     ->  BitmapAnd  (cost=8623.37..8623.37 rows=1587 width=0)
                           ->  Bitmap Index Scan on part_p_container_p_brand_p_partkey_idx  (cost=0.00..289.63 rows=7992 width=0)
                                 Index Cond: ((p_container = ANY ('{"MED BAG","MED BOX","MED PKG","MED PACK"}'::bpchar[])) AND (p_brand = 'Brand#55'::bpchar))
                           ->  Bitmap Index Scan on part_p_size_idx  (cost=0.00..8331.10 rows=397067 width=0)
                                 Index Cond: ((p_size <= 10) AND (p_size >= 1))
                     ->  BitmapAnd  (cost=12799.94..12799.94 rows=2390 width=0)
                           ->  Bitmap Index Scan on part_p_container_p_brand_p_partkey_idx  (cost=0.00..289.87 rows=8016 width=0)
                                 Index Cond: ((p_container = ANY ('{"LG CASE","LG BOX","LG PACK","LG PKG"}'::bpchar[])) AND (p_brand = 'Brand#41'::bpchar))
                           ->  Bitmap Index Scan on part_p_size_idx  (cost=0.00..12507.43 rows=596300 width=0)
                                 Index Cond: ((p_size <= 15) AND (p_size >= 1))
         ->  Index Scan using lineitem_l_partkey_l_quantity_l_shipmode_idx on lineitem  (cost=0.56..25.78 rows=1 width=16)
               Index Cond: ((l_partkey = part.p_partkey) AND (l_shipmode = ANY ('{AIR,"AIR REG"}'::bpchar[])))
               Filter: ((l_shipinstruct = 'DELIVER IN PERSON'::bpchar) AND (((l_quantity >= 5::double precision) AND (l_quantity <= 15::double precision)) OR ((l_quantity >= 16::double precision) AND (l_quantity <= 26::double precision)) OR ((l_quantity >= 28::double precision) AND (l_quantity <= 38::double precision))) AND (((part.p_brand = 'Brand#35'::bpchar) AND (part.p_container = ANY ('{"SM CASE","SM BOX","SM PACK","SM PKG"}'::bpchar[])) AND (l_quantity >= 5::double precision) AND (l_quantity <= 15::double precision) AND (part.p_size <= 5)) OR ((part.p_brand = 'Brand#55'::bpchar) AND (part.p_container = ANY ('{"MED BAG","MED BOX","MED PKG","MED PACK"}'::bpchar[])) AND (l_quantity >= 16::double precision) AND (l_quantity <= 26::double precision) AND (part.p_size <= 10)) OR ((part.p_brand = 'Brand#41'::bpchar) AND (part.p_container = ANY ('{"LG CASE","LG BOX","LG PACK","LG PKG"}'::bpchar[])) AND (l_quantity >= 28::double precision) AND (l_quantity <= 38::double precision) AND (part.p_size <= 15))))
 Planning time: 4.053 ms
(24 rows)

COMMIT;
COMMIT
